    char satnum[6] = "00000";
    int epochyr = 0;
    int epochtynumrev = 0;
  int error  = 0;
  char operationmode = 'a';
    char init = 'c';
    char method = 'c';

  /* Near Earth */
  int isimp = 0;
    double aycof = 0.0;
    double con41 = 0.0;
    double cc1 = 0.0;
    double cc4 = 0.0;
    double cc5 = 0.0;
    double d2 = 0.0;
    double d3 = 0.0;
    double d4 = 0.0;
    double delmo = 0.0;
    double eta = 0.0;
    double argpdot = 0.0;
    double omgcof=0.0;
    double sinmao=0.0;
    double t = 0.0;
    double t2cof = 0.0;
    double t3cof = 0.0;
    double t4cof = 0.0;
    double t5cof = 0.0;
    double x1mth2 = 0.0;
    double x7thm1 = 0.0;
    double mdot = 0.0;
    double nodedot = 0.0;
    double xlcof = 0.0;
    double xmcof = 0.0;
    double nodecf = 0.0;
  
    /* Deep Space */
  int    irez = 0;
    double d2201 = 0.0;
    double d2211 = 0.0;
    double d3210 = 0.0;
    double d3222 = 0.0;
    double d4410 = 0.0;
    double d4422 = 0.0;
    double d5220 = 0.0;
    double d5232 = 0.0;
    double d5421 = 0.0;
    double d5433 = 0.0;
    double dedt = 0.0;
    double del1 = 0.0;
    double del2 = 0.0;
    double del3 = 0.0;
    double didt = 0.0;
    double dmdt = 0.0;
    double dnodt = 0.0;
    double domdt = 0.0;
    double e3 = 0.0;
    double ee2 = 0.0;
    double peo = 0.0;
    double pgho = 0.0;
    double pho = 0.0;
    double pinco = 0.0;
    double plo = 0.0;
    double se2 = 0.0;
    double se3 = 0.0;
    double sgh2 = 0.0;
    double sgh3 = 0.0;
    double sgh4 = 0.0;
    double sh2 = 0.0;
    double sh3 = 0.0;
    double si2 = 0.0;
    double si3 = 0.0;
    double sl2 = 0.0;
    double sl3 = 0.0;
    double sl4 = 0.0;
    double gsto = 0.0;
    double xfact = 0.0;
    double xgh2 = 0.0;
    double xgh3 = 0.0;
    double xgh4 = 0.0;
    double xh2 = 0.0;
    double xh3 = 0.0;
    double xi2 = 0.0;
    double xi3 = 0.0;
    double xl2 = 0.0;
    double xl3 = 0.0;
    double xl4 = 0.0;
    double xlamo = 0.0;
    double zmol = 0.0;
    double zmos = 0.0;
    double atime = 0.0;
    double xli = 0.0;
    double xni = 0.0;

    double a = 0.0;
    double altp = 0.0;
    double alta = 0.0;
    double epochdays = 0.0;
    double jdsatepoch = 0.0;
    double jdsatepochF = 0.0;
    double nddot = 0.0;
    double ndot = 0.0;
    double bstar = 0.0;
    double rcse = 0.0;
    double inclo = 0.0;
    double nodeo = 0.0;
    double ecco = 0.0;
    double argpo = 0.0;
    double mo = 0.0;
    double no_kozai = 0.0;

    int   ephtype = 0;
      long  elnum = 0;
      long revnum = 0;
    double no_unkozai = 0.0;
    
      double am = 0.0;
      double em = 0.0;
      double im = 0.0;
      double Om = 0.0;
      double om = 0.0;
      double mm = 0.0;
      double nm = 0.0;
      
      double tumin = 0.0;
      double mus = 0.0;
      double radiusearthkm = 0.0;
      double xke = 0.0;
      double j2 = 0.0;
      double j3 = 0.0;
      double j4 = 0.0;
      double j3oj2 = 0.0;
      
    long dia_mm = 0; // RSO dia in mm
    double period_sec = 0.0; // Period in seconds
    unsigned char active = 0; // "Active S/C" flag (0=n, 1=y)
    unsigned char not_orbital = 0; // "Orbiting S/C" flag (0=n, 1=y)
    double rcs_m2 = 0.0; // "RCS (m^2)" storage
    char  classification, intldesg[11] = "0000000000";
    